<?xml version="1.0" encoding="UTF-8"?>
<!-- Generated by org.testng.reporters.JUnitReportReporter -->
<testsuite hostname="Marcels-MacBook-Pro.local" name="org.apache.ace.discovery.property.PropertyBasedDiscoveryTest" tests="2" failures="0" timestamp="4 Jul 2012 12:16:46 GMT" time="0.015" errors="0">
  <testcase name="discoverWithPropertyUpdate" time="0.014" classname="org.apache.ace.discovery.property.PropertyBasedDiscoveryTest"/>
  <testcase name="discoverWithoutPropertyUpdate" time="0.001" classname="org.apache.ace.discovery.property.PropertyBasedDiscoveryTest"/>
</testsuite> <!-- org.apache.ace.discovery.property.PropertyBasedDiscoveryTest -->
