<?xml version="1.0" encoding="UTF-8"?>
<!-- Generated by org.testng.reporters.JUnitReportReporter -->
<testsuite hostname="Marcels-MacBook-Pro.local" name="org.apache.ace.deployment.streamgenerator.impl.StreamTest" tests="3" failures="0" timestamp="4 Jul 2012 11:43:17 GMT" time="0.268" errors="0">
  <testcase name="isJarInputStreamReadable" time="0.002" classname="org.apache.ace.deployment.streamgenerator.impl.StreamTest"/>
  <testcase name="hundredStreamsConcurrently" time="0.130" classname="org.apache.ace.deployment.streamgenerator.impl.StreamTest"/>
  <testcase name="hundredStreamsSequentially" time="0.136" classname="org.apache.ace.deployment.streamgenerator.impl.StreamTest"/>
</testsuite> <!-- org.apache.ace.deployment.streamgenerator.impl.StreamTest -->
