<?xml version="1.0" encoding="UTF-8"?>
<!-- Generated by org.testng.reporters.JUnitReportReporter -->
<testsuite hostname="Marcels-MacBook-Pro.local" name="org.apache.ace.identification.ifconfig.IfconfigIdentificationTest" tests="1" failures="0" timestamp="5 Jul 2012 23:47:00 GMT" time="0.001" errors="0">
  <testcase name="testMacAddressVerifying" time="0.001" classname="org.apache.ace.identification.ifconfig.IfconfigIdentificationTest"/>
</testsuite> <!-- org.apache.ace.identification.ifconfig.IfconfigIdentificationTest -->
