<?xml version="1.0" encoding="UTF-8"?>
<!-- Generated by org.testng.reporters.JUnitReportReporter -->
<testsuite hostname="marcels-macbook-pro.fritz.box" name="org.apache.ace.identification.ifconfig.IfconfigIdentificationTest" tests="1" failures="0" timestamp="3 Jul 2012 17:58:48 GMT" time="0.000" errors="0">
  <testcase name="testMacAddressVerifying" time="0.000" classname="org.apache.ace.identification.ifconfig.IfconfigIdentificationTest"/>
</testsuite> <!-- org.apache.ace.identification.ifconfig.IfconfigIdentificationTest -->
