<?xml version="1.0" encoding="UTF-8"?>
<!-- Generated by org.testng.reporters.JUnitReportReporter -->
<testsuite hostname="Marcels-MacBook-Pro.local" name="org.apache.ace.log.listener.LogTest" tests="3" failures="0" timestamp="4 Jul 2012 12:32:59 GMT" time="0.047" errors="0">
  <testcase name="testEventConverting" time="0.027" classname="org.apache.ace.log.listener.LogTest"/>
  <testcase name="testUnsettingLog" time="0.001" classname="org.apache.ace.log.listener.LogTest"/>
  <testcase name="testLogCacheFlush" time="0.019" classname="org.apache.ace.log.listener.LogTest"/>
</testsuite> <!-- org.apache.ace.log.listener.LogTest -->
