<?xml version="1.0" encoding="UTF-8"?>
<!-- Generated by org.testng.reporters.JUnitReportReporter -->
<testsuite hostname="Marcels-MacBook-Pro.local" name="org.apache.ace.obr.servlet.BundleServletTest" tests="6" failures="0" timestamp="15 Jun 2012 14:51:01 GMT" time="0.066" errors="0">
  <testcase name="testPostResource" time="0.001" classname="org.apache.ace.obr.servlet.BundleServletTest"/>
  <testcase name="testPostResourceInPath" time="0.049" classname="org.apache.ace.obr.servlet.BundleServletTest"/>
  <testcase name="testGetValidResource" time="0.009" classname="org.apache.ace.obr.servlet.BundleServletTest"/>
  <testcase name="testRemoveResource" time="0.002" classname="org.apache.ace.obr.servlet.BundleServletTest"/>
  <testcase name="testRemoveResourceInPath" time="0.000" classname="org.apache.ace.obr.servlet.BundleServletTest"/>
  <testcase name="testGetInValidResource" time="0.005" classname="org.apache.ace.obr.servlet.BundleServletTest"/>
</testsuite> <!-- org.apache.ace.obr.servlet.BundleServletTest -->
