<?xml version="1.0" encoding="UTF-8"?>
<!-- Generated by org.testng.reporters.JUnitReportReporter -->
<testsuite hostname="marcels-macbook-pro.fritz.box" name="org.apache.ace.identification.property.PropertyBasedIdentificationTest" tests="3" failures="0" timestamp="3 Jul 2012 17:33:20 GMT" time="0.158" errors="0">
  <testcase name="getIdWithoutUpdate" time="0.001" classname="org.apache.ace.identification.property.PropertyBasedIdentificationTest"/>
  <testcase name="getIdOverwrite" time="0.156" classname="org.apache.ace.identification.property.PropertyBasedIdentificationTest"/>
  <testcase name="getIdWithUpdate" time="0.001" classname="org.apache.ace.identification.property.PropertyBasedIdentificationTest"/>
</testsuite> <!-- org.apache.ace.identification.property.PropertyBasedIdentificationTest -->
