<?xml version="1.0" encoding="UTF-8"?>
<!-- Generated by org.testng.reporters.JUnitReportReporter -->
<testsuite hostname="marcels-macbook-pro.fritz.box" name="org.apache.ace.identification.property.SimpleIdentificationTest" tests="1" failures="0" timestamp="3 Jul 2012 17:33:29 GMT" time="0.005" errors="0">
  <testcase name="testSimpleIdentification" time="0.005" classname="org.apache.ace.identification.property.SimpleIdentificationTest"/>
</testsuite> <!-- org.apache.ace.identification.property.SimpleIdentificationTest -->
