<?xml version="1.0" encoding="UTF-8"?>
<!-- Generated by org.testng.reporters.JUnitReportReporter -->
<testsuite hostname="Marcels-MacBook-Pro.local" name="org.apache.ace.client.repository.helper.configuration.impl.ConfigurationHelperImplTest" tests="5" failures="0" timestamp="4 Jul 2012 09:37:46 GMT" time="0.030" errors="0">
  <testcase name="testCanHandleCommentBeforeRoot" time="0.017" classname="org.apache.ace.client.repository.helper.configuration.impl.ConfigurationHelperImplTest"/>
  <testcase name="testNamespace10Recognized" time="0.004" classname="org.apache.ace.client.repository.helper.configuration.impl.ConfigurationHelperImplTest"/>
  <testcase name="testNamespace13NotRecognized" time="0.003" classname="org.apache.ace.client.repository.helper.configuration.impl.ConfigurationHelperImplTest"/>
  <testcase name="testNamespace11Recognized" time="0.003" classname="org.apache.ace.client.repository.helper.configuration.impl.ConfigurationHelperImplTest"/>
  <testcase name="testNamespace12Recognized" time="0.003" classname="org.apache.ace.client.repository.helper.configuration.impl.ConfigurationHelperImplTest"/>
</testsuite> <!-- org.apache.ace.client.repository.helper.configuration.impl.ConfigurationHelperImplTest -->
