<?xml version="1.0" encoding="UTF-8"?>
<!-- Generated by org.testng.reporters.JUnitReportReporter -->
<testsuite hostname="Marcels-MacBook-Pro.local" name="org.apache.ace.client.repository.helper.base.VelocityArtifactPreprocessorTest" tests="7" failures="0" timestamp="4 Jul 2012 21:13:37 GMT" time="0.211" errors="0">
  <testcase name="testNeedsNewVersionNonExistingTemplateOk" time="0.001" classname="org.apache.ace.client.repository.helper.base.VelocityArtifactPreprocessorTest"/>
  <testcase name="testNeedsNewVersionChangedTemplateOk" time="0.202" classname="org.apache.ace.client.repository.helper.base.VelocityArtifactPreprocessorTest"/>
  <testcase name="testPreprocessExistingNoTemplateOk" time="0.002" classname="org.apache.ace.client.repository.helper.base.VelocityArtifactPreprocessorTest"/>
  <testcase name="testNeedsNewVersionUnchangedTemplateOk" time="0.002" classname="org.apache.ace.client.repository.helper.base.VelocityArtifactPreprocessorTest"/>
  <testcase name="testNeedsNewVersionEmptyTemplateOk" time="0.001" classname="org.apache.ace.client.repository.helper.base.VelocityArtifactPreprocessorTest"/>
  <testcase name="testPreprocessNonExistingTemplateOk" time="0.001" classname="org.apache.ace.client.repository.helper.base.VelocityArtifactPreprocessorTest"/>
  <testcase name="testPreprocessExistingRealTemplateOk" time="0.002" classname="org.apache.ace.client.repository.helper.base.VelocityArtifactPreprocessorTest"/>
</testsuite> <!-- org.apache.ace.client.repository.helper.base.VelocityArtifactPreprocessorTest -->
