<?xml version="1.0" encoding="UTF-8"?>
<!-- Generated by org.testng.reporters.JUnitReportReporter -->
<testsuite hostname="Marcels-MacBook-Pro.local" name="org.apache.ace.client.rest.RESTClientTest" tests="2" failures="0" timestamp="4 Jul 2012 10:17:20 GMT" time="0.415" errors="0">
  <testcase name="testPathTransforms" time="0.414" classname="org.apache.ace.client.rest.RESTClientTest"/>
  <testcase name="testPropertyGetter" time="0.001" classname="org.apache.ace.client.rest.RESTClientTest"/>
</testsuite> <!-- org.apache.ace.client.rest.RESTClientTest -->
