<?xml version="1.0" encoding="UTF-8"?>
<!-- Generated by org.testng.reporters.JUnitReportReporter -->
<testsuite hostname="Marcels-MacBook-Pro.local" name="org.apache.ace.deployment.provider.repositorybased.RepositoryBasedProviderPerformanceTest" tests="2" failures="0" timestamp="4 Jul 2012 11:30:22 GMT" time="1.344" errors="0">
  <testcase name="testSingleBundleSingleVersionBundleDataFromHugeXml" time="0.486" classname="org.apache.ace.deployment.provider.repositorybased.RepositoryBasedProviderPerformanceTest"/>
  <testcase name="testSingleBundleMultipleVersionBundleDataFromHugeXml" time="0.858" classname="org.apache.ace.deployment.provider.repositorybased.RepositoryBasedProviderPerformanceTest"/>
</testsuite> <!-- org.apache.ace.deployment.provider.repositorybased.RepositoryBasedProviderPerformanceTest -->
