<?xml version="1.0" encoding="UTF-8"?>
<!-- Generated by org.testng.reporters.JUnitReportReporter -->
<testsuite hostname="Marcels-MacBook-Pro.local" name="org.apache.ace.deployment.provider.repositorybased.CacheTest" tests="2" failures="0" timestamp="4 Jul 2012 11:30:22 GMT" time="0.004" errors="0">
  <testcase name="testOverflowCacheAndValidateOldestElementDisappears" time="0.001" classname="org.apache.ace.deployment.provider.repositorybased.CacheTest"/>
  <testcase name="testFillCacheToLimitAndCheckIfEverythingFits" time="0.003" classname="org.apache.ace.deployment.provider.repositorybased.CacheTest"/>
</testsuite> <!-- org.apache.ace.deployment.provider.repositorybased.CacheTest -->
