<?xml version="1.0" encoding="UTF-8"?>
<!-- Generated by org.testng.reporters.JUnitReportReporter -->
<testsuite hostname="Marcels-MacBook-Pro.local" name="org.apache.ace.deployment.provider.repositorybased.BaseRepositoryHandlerTest" tests="7" failures="0" timestamp="4 Jul 2012 11:30:22 GMT" time="0.142" errors="0">
  <testcase name="testGatherSingleVersionOk" time="0.020" classname="org.apache.ace.deployment.provider.repositorybased.BaseRepositoryHandlerTest"/>
  <testcase name="testGatherMultipleVersionOk" time="0.014" classname="org.apache.ace.deployment.provider.repositorybased.BaseRepositoryHandlerTest"/>
  <testcase name="testGatherArtifactsOfMultipleVersionTargetWithInvalidVersionOk" time="0.017" classname="org.apache.ace.deployment.provider.repositorybased.BaseRepositoryHandlerTest"/>
  <testcase name="testGatherSingleArtifactOk" time="0.016" classname="org.apache.ace.deployment.provider.repositorybased.BaseRepositoryHandlerTest"/>
  <testcase name="testGatherMultipleArtifactsOfMultipleVersionTargetOk" time="0.015" classname="org.apache.ace.deployment.provider.repositorybased.BaseRepositoryHandlerTest"/>
  <testcase name="testGatherSingleArtifactsOfMultipleVersionTargetOk" time="0.014" classname="org.apache.ace.deployment.provider.repositorybased.BaseRepositoryHandlerTest"/>
  <testcase name="testGatherNonExistingArtifactsOfMultipleVersionTargetOk" time="0.046" classname="org.apache.ace.deployment.provider.repositorybased.BaseRepositoryHandlerTest"/>
</testsuite> <!-- org.apache.ace.deployment.provider.repositorybased.BaseRepositoryHandlerTest -->
