<?xml version="1.0" encoding="UTF-8"?>
<!-- Generated by org.testng.reporters.JUnitReportReporter -->
<testsuite hostname="Marcels-MacBook-Pro.local" name="org.apache.ace.deployment.provider.repositorybased.RepositoryBasedProviderTest" tests="19" failures="0" timestamp="4 Jul 2012 11:30:22 GMT" time="0.439" errors="0">
  <testcase name="testMultipleBundlesMultipleVersions" time="0.018" classname="org.apache.ace.deployment.provider.repositorybased.RepositoryBasedProviderTest"/>
  <testcase name="testRemovedBundleMultipleVersions" time="0.017" classname="org.apache.ace.deployment.provider.repositorybased.RepositoryBasedProviderTest"/>
  <testcase name="testSingleChangedBundleMultipleVersions" time="0.017" classname="org.apache.ace.deployment.provider.repositorybased.RepositoryBasedProviderTest"/>
  <testcase name="testGetLiteralTargetIllegalVersion" time="0.016" classname="org.apache.ace.deployment.provider.repositorybased.RepositoryBasedProviderTest"/>
  <testcase name="testMultipleBundleSingleVersionBundleData" time="0.015" classname="org.apache.ace.deployment.provider.repositorybased.RepositoryBasedProviderTest"/>
  <testcase name="testMultipleVersions" time="0.084" classname="org.apache.ace.deployment.provider.repositorybased.RepositoryBasedProviderTest"/>
  <testcase name="testBundleDataWithResources" time="0.022" classname="org.apache.ace.deployment.provider.repositorybased.RepositoryBasedProviderTest"/>
  <testcase name="testSingleBundleSingleVersionBundleData" time="0.021" classname="org.apache.ace.deployment.provider.repositorybased.RepositoryBasedProviderTest"/>
  <testcase name="testArtifactDataManifestGeneration" time="0.013" classname="org.apache.ace.deployment.provider.repositorybased.RepositoryBasedProviderTest"/>
  <testcase name="testEmptyDeploymentVersion" time="0.030" classname="org.apache.ace.deployment.provider.repositorybased.RepositoryBasedProviderTest"/>
  <testcase name="testSingleUnchangedBundleMultipleVersions" time="0.018" classname="org.apache.ace.deployment.provider.repositorybased.RepositoryBasedProviderTest"/>
  <testcase name="testAddedBundleMultipleVersions" time="0.021" classname="org.apache.ace.deployment.provider.repositorybased.RepositoryBasedProviderTest"/>
  <testcase name="testIllegalVersion" time="0.019" classname="org.apache.ace.deployment.provider.repositorybased.RepositoryBasedProviderTest"/>
  <testcase name="testGetLiteralTargetVersion" time="0.024" classname="org.apache.ace.deployment.provider.repositorybased.RepositoryBasedProviderTest"/>
  <testcase name="testMultipleChangedBundlesMultipleVersions" time="0.017" classname="org.apache.ace.deployment.provider.repositorybased.RepositoryBasedProviderTest"/>
  <testcase name="testEmptyRepository" time="0.040" classname="org.apache.ace.deployment.provider.repositorybased.RepositoryBasedProviderTest"/>
  <testcase name="testGetVersion" time="0.017" classname="org.apache.ace.deployment.provider.repositorybased.RepositoryBasedProviderTest"/>
  <testcase name="testInvalidTargetBundleData" time="0.016" classname="org.apache.ace.deployment.provider.repositorybased.RepositoryBasedProviderTest"/>
  <testcase name="testInvalidVersionBundleData" time="0.014" classname="org.apache.ace.deployment.provider.repositorybased.RepositoryBasedProviderTest"/>
</testsuite> <!-- org.apache.ace.deployment.provider.repositorybased.RepositoryBasedProviderTest -->
