<?xml version="1.0" encoding="UTF-8"?>
<!-- Generated by org.testng.reporters.JUnitReportReporter -->
<testsuite hostname="Marcels-MacBook-Pro.local" name="org.apache.ace.repository.impl.RepositoryImplTest" tests="10" failures="0" timestamp="4 Jul 2012 20:17:45 GMT" time="0.034" errors="0">
  <testcase name="testPutZero" time="0.002" classname="org.apache.ace.repository.impl.RepositoryImplTest"/>
  <testcase name="testCheckoutNegative" time="0.018" classname="org.apache.ace.repository.impl.RepositoryImplTest"/>
  <testcase name="testCommitAndCheckout" time="0.002" classname="org.apache.ace.repository.impl.RepositoryImplTest"/>
  <testcase name="testCheckoutZero" time="0.002" classname="org.apache.ace.repository.impl.RepositoryImplTest"/>
  <testcase name="testCommitNegative" time="0.002" classname="org.apache.ace.repository.impl.RepositoryImplTest"/>
  <testcase name="testUpdated" time="0.001" classname="org.apache.ace.repository.impl.RepositoryImplTest"/>
  <testcase name="testGetAndPut" time="0.002" classname="org.apache.ace.repository.impl.RepositoryImplTest"/>
  <testcase name="testGetZero" time="0.001" classname="org.apache.ace.repository.impl.RepositoryImplTest"/>
  <testcase name="testGetNegative" time="0.002" classname="org.apache.ace.repository.impl.RepositoryImplTest"/>
  <testcase name="testPutNegative" time="0.002" classname="org.apache.ace.repository.impl.RepositoryImplTest"/>
</testsuite> <!-- org.apache.ace.repository.impl.RepositoryImplTest -->
