
<testsuite framework='org.apache.felix.framework [0]' hostname='Pauls-MacBook-Pro-2.local' name='test.org.apache.ace.server.log.store.test' tests='0' framework-version='4.0.2' timestamp='2012-09-16T21:36:17' time='12.186' target='reference:file:/Users/paul/work/luminis/apache-ace/org.apache.ace.server.log.store.test/generated/org.apache.ace.server.log.store.test.jar'>
  <properties>
    <property name='launch.activators' value='aQute.junit.Activator'/>
    <property name='java.runtime.name' value='Java(TM) SE Runtime Environment'/>
    <property name='sun.boot.library.path' value='/Library/Java/JavaVirtualMachines/1.7.0.jdk/Contents/Home/jre/lib'/>
    <property name='java.vm.version' value='23.1-b03'/>
    <property name='user.country.format' value='NL'/>
    <property name='gopherProxySet' value='false'/>
    <property name='java.vm.vendor' value='Oracle Corporation'/>
    <property name='java.vendor.url' value='http://java.oracle.com/'/>
    <property name='path.separator' value=':'/>
    <property name='java.vm.name' value='Java HotSpot(TM) 64-Bit Server VM'/>
    <property name='file.encoding.pkg' value='sun.io'/>
    <property name='launch.timeout' value='0'/>
    <property name='user.country' value='US'/>
    <property name='sun.java.launcher' value='SUN_STANDARD'/>
    <property name='sun.os.patch.level' value='unknown'/>
    <property name='launch.keep' value='false'/>
    <property name='tester.dir' value='/Users/paul/work/luminis/apache-ace/org.apache.ace.server.log.store.test/generated/test-reports'/>
    <property name='java.vm.specification.name' value='Java Virtual Machine Specification'/>
    <property name='user.dir' value='/Users/paul/work/luminis/apache-ace/org.apache.ace.server.log.store.test'/>
    <property name='launch.bundles' value='/Users/paul/work/luminis/apache-ace/org.apache.ace.deployment.provider.api/generated/org.apache.ace.deployment.provider.api.jar,/Users/paul/work/luminis/apache-ace/cnf/repo/.obrcache/http%3A%2F%2Fsvn.apache.org%2Frepos%2Fasf%2Face%2Ftrunk%2Fcnf%2Frepo%2Forg.apache.felix.dependencymanager/org.apache.felix.dependencymanager-3.1.0.jar,/Users/paul/work/luminis/apache-ace/org.apache.ace.server.log.store/generated/org.apache.ace.server.log.store.mongologstore.jar,/Users/paul/work/luminis/apache-ace/cnf/repo/.obrcache/http%3A%2F%2Fbundles.bndtools.org.s3.amazonaws.com%2Forg.apache.felix.metatype/org.apache.felix.metatype-1.0.4.jar,/Users/paul/work/luminis/apache-ace/cnf/repo/.obrcache/http%3A%2F%2Fbundles.bndtools.org.s3.amazonaws.com%2Forg.apache.felix.log/org.apache.felix.log-1.0.1.jar,/Users/paul/work/luminis/apache-ace/cnf/repo/.obrcache/http%3A%2F%2Fbundles.bndtools.org.s3.amazonaws.com%2Forg.apache.felix.configadmin/org.apache.felix.configadmin-1.2.8.jar,/Users/paul/work/luminis/apache-ace/org.apache.ace.test/generated/org.apache.ace.test.jar,/Users/paul/work/luminis/apache-ace/cnf/repo/com.mongodb/com.mongodb-2.7.3.jar,/Users/paul/work/luminis/apache-ace/org.apache.ace.server.log.store/generated/org.apache.ace.server.log.store.api.jar,/Users/paul/work/luminis/apache-ace/cnf/repo/org.amdatu.mongo/org.amdatu.mongo-1.0.3.jar,/Users/paul/work/luminis/apache-ace/org.apache.ace.range.api/generated/org.apache.ace.range.api.jar,/Users/paul/work/luminis/apache-ace/cnf/repo/.obrcache/http%3A%2F%2Fsvn.apache.org%2Frepos%2Fasf%2Face%2Ftrunk%2Fcnf%2Frepo%2Forg.apache.felix.eventadmin/org.apache.felix.eventadmin-1.2.14.jar,/Users/paul/work/luminis/apache-ace/cnf/repo/.obrcache/http%3A%2F%2Fsvn.apache.org%2Frepos%2Fasf%2Face%2Ftrunk%2Fcnf%2Frepo%2Forg.apache.felix.dependencymanager.shell/org.apache.felix.dependencymanager.shell-3.0.1.jar,/Users/paul/work/luminis/apache-ace/org.apache.ace.log/generated/org.apache.ace.log.jar,/Users/paul/work/luminis/apache-ace/cnf/repo/.obrcache/http%3A%2F%2Fbundles.bndtools.org.s3.amazonaws.com%2Forg.apache.felix.gogo.command/org.apache.felix.gogo.command-0.12.0.jar,/Users/paul/work/luminis/apache-ace/cnf/repo/.obrcache/http%3A%2F%2Fbundles.bndtools.org.s3.amazonaws.com%2Forg.apache.felix.gogo.runtime/org.apache.felix.gogo.runtime-0.10.0.jar,/Users/paul/work/luminis/apache-ace/cnf/repo/.obrcache/http%3A%2F%2Fbundles.bndtools.org.s3.amazonaws.com%2Forg.apache.felix.gogo.shell/org.apache.felix.gogo.shell-0.10.0.jar,/Users/paul/work/luminis/apache-ace/org.apache.ace.server.log.store.test/generated/org.apache.ace.server.log.store.test.jar'/>
    <property name='java.runtime.version' value='1.7.0_05-b06'/>
    <property name='java.awt.graphicsenv' value='sun.awt.CGraphicsEnvironment'/>
    <property name='java.endorsed.dirs' value='/Library/Java/JavaVirtualMachines/1.7.0.jdk/Contents/Home/jre/lib/endorsed'/>
    <property name='os.arch' value='x86_64'/>
    <property name='java.io.tmpdir' value='/var/folders/h5/006c0qbd0vl1bsgk9n0j08yr0000gn/T/'/>
    <property name='line.separator' value='
'/>
    <property name='java.vm.specification.vendor' value='Oracle Corporation'/>
    <property name='os.name' value='Mac OS X'/>
    <property name='tester.continuous' value='false'/>
    <property name='sun.jnu.encoding' value='US-ASCII'/>
    <property name='java.library.path' value='/Users/paul/Library/Java/Extensions:/Library/Java/Extensions:/Network/Library/Java/Extensions:/System/Library/Java/Extensions:/usr/lib/java:.'/>
    <property name='launcher.properties' value='/Users/paul/work/luminis/apache-ace/org.apache.ace.server.log.store.test/generated/launch147454461263928763.properties'/>
    <property name='java.specification.name' value='Java Platform API Specification'/>
    <property name='java.class.version' value='51.0'/>
    <property name='launch.storage.dir' value='/Users/paul/work/luminis/apache-ace/org.apache.ace.server.log.store.test/generated/fw'/>
    <property name='sun.management.compiler' value='HotSpot 64-Bit Tiered Compilers'/>
    <property name='os.version' value='10.8.1'/>
    <property name='http.nonProxyHosts' value='local|*.local|169.254/16|*.169.254/16'/>
    <property name='user.home' value='/Users/paul'/>
    <property name='user.timezone' value='Europe/Amsterdam'/>
    <property name='java.awt.printerjob' value='sun.lwawt.macosx.CPrinterJob'/>
    <property name='file.encoding' value='MacRoman'/>
    <property name='java.specification.version' value='1.7'/>
    <property name='java.class.path' value='/Users/paul/work/luminis/apache-ace/cnf/repo/.obrcache/http%3A%2F%2Fsvn.apache.org%2Frepos%2Fasf%2Face%2Ftrunk%2Fcnf%2Frepo%2Forg.apache.felix.framework/org.apache.felix.framework-4.0.2.jar:/Users/paul/work/luminis/apache-ace/cnf/cache/biz.aQute.launcher/biz.aQute.launcher-1.0.1.jar:/Users/paul/work/luminis/apache-ace/cnf/cache/biz.aQute.junit/biz.aQute.junit-1.0.0.jar'/>
    <property name='user.name' value='paul'/>
    <property name='java.vm.specification.version' value='1.7'/>
    <property name='sun.java.command' value='aQute.launcher.Launcher'/>
    <property name='java.home' value='/Library/Java/JavaVirtualMachines/1.7.0.jdk/Contents/Home/jre'/>
    <property name='sun.arch.data.model' value='64'/>
    <property name='user.language' value='en'/>
    <property name='java.specification.vendor' value='Oracle Corporation'/>
    <property name='awt.toolkit' value='sun.lwawt.macosx.LWCToolkit'/>
    <property name='java.vm.info' value='mixed mode'/>
    <property name='launch.services' value='true'/>
    <property name='java.version' value='1.7.0_05'/>
    <property name='java.ext.dirs' value='/Users/paul/Library/Java/Extensions:/Library/Java/JavaVirtualMachines/1.7.0.jdk/Contents/Home/jre/lib/ext:/Library/Java/Extensions:/Network/Library/Java/Extensions:/System/Library/Java/Extensions:/usr/lib/java'/>
    <property name='sun.boot.class.path' value='/Library/Java/JavaVirtualMachines/1.7.0.jdk/Contents/Home/jre/lib/resources.jar:/Library/Java/JavaVirtualMachines/1.7.0.jdk/Contents/Home/jre/lib/rt.jar:/Library/Java/JavaVirtualMachines/1.7.0.jdk/Contents/Home/jre/lib/sunrsasign.jar:/Library/Java/JavaVirtualMachines/1.7.0.jdk/Contents/Home/jre/lib/jsse.jar:/Library/Java/JavaVirtualMachines/1.7.0.jdk/Contents/Home/jre/lib/jce.jar:/Library/Java/JavaVirtualMachines/1.7.0.jdk/Contents/Home/jre/lib/charsets.jar:/Library/Java/JavaVirtualMachines/1.7.0.jdk/Contents/Home/jre/lib/jfr.jar:/Library/Java/JavaVirtualMachines/1.7.0.jdk/Contents/Home/jre/lib/JObjC.jar:/Library/Java/JavaVirtualMachines/1.7.0.jdk/Contents/Home/jre/classes'/>
    <property name='java.vendor' value='Oracle Corporation'/>
    <property name='file.separator' value='/'/>
    <property name='java.vendor.url.bug' value='http://bugreport.sun.com/bugreport/'/>
    <property name='sun.io.unicode.encoding' value='UnicodeBig'/>
    <property name='sun.cpu.endian' value='little'/>
    <property name='launch.trace' value='false'/>
    <property name='tester.port' value='62917'/>
    <property name='socksNonProxyHosts' value='local|*.local|169.254/16|*.169.254/16'/>
    <property name='launch.system.packages' value='sun.reflect,org.osgi.framework.startlevel;uses:="org.osgi.framework";version="1.0",org.osgi.framework.wiring;uses:="org.osgi.framework";version="1.0",org.osgi.framework.hooks.bundle;uses:="org.osgi.framework";version="1.0",org.osgi.framework.hooks.service;uses:="org.osgi.framework";version="1.1",org.osgi.framework.hooks.resolver;uses:="org.osgi.framework.wiring";version="1.0",org.osgi.framework.launch;uses:="org.osgi.framework";version="1.0",org.osgi.framework;version="1.6",org.osgi.framework.hooks.weaving;uses:="org.osgi.framework.wiring";version="1.0",org.osgi.service.packageadmin;uses:="org.osgi.framework";version="1.2",org.osgi.service.url;version="1.0",org.osgi.service.startlevel;uses:="org.osgi.framework";version="1.1",org.osgi.util.tracker;uses:="org.osgi.framework";version="1.5",junit.framework;version="3.8"'/>
    <property name='ftp.nonProxyHosts' value='local|*.local|169.254/16|*.169.254/16'/>
    <property name='sun.cpu.isalist' value=''/>
  </properties>
  <bundles>
    <bundle version='4.0.2' location='System Bundle' bsn='org.apache.felix.framework' modified='1970-01-01T01:00:00' state='32' id='0'/>
    <bundle version='1.0.0' location='reference:file:/Users/paul/work/luminis/apache-ace/org.apache.ace.deployment.provider.api/generated/org.apache.ace.deployment.provider.api.jar' bsn='org.apache.ace.deployment.provider.api' modified='2012-09-16T21:36:05' state='32' id='1'/>
    <bundle version='3.1.0.SNAPSHOT' location='reference:file:/Users/paul/work/luminis/apache-ace/cnf/repo/.obrcache/http%253A%252F%252Fsvn.apache.org%252Frepos%252Fasf%252Face%252Ftrunk%252Fcnf%252Frepo%252Forg.apache.felix.dependencymanager/org.apache.felix.dependencymanager-3.1.0.jar' bsn='org.apache.felix.dependencymanager' modified='2012-09-16T21:36:05' state='32' id='2'/>
    <bundle version='0.0.0' location='reference:file:/Users/paul/work/luminis/apache-ace/org.apache.ace.server.log.store/generated/org.apache.ace.server.log.store.mongologstore.jar' bsn='org.apache.ace.server.log.store.mongologstore' modified='2012-09-16T21:36:05' state='32' id='3'/>
    <bundle version='1.0.4' location='reference:file:/Users/paul/work/luminis/apache-ace/cnf/repo/.obrcache/http%253A%252F%252Fbundles.bndtools.org.s3.amazonaws.com%252Forg.apache.felix.metatype/org.apache.felix.metatype-1.0.4.jar' bsn='org.apache.felix.metatype' modified='2012-09-16T21:36:05' state='32' id='4'/>
    <bundle version='1.0.1' location='reference:file:/Users/paul/work/luminis/apache-ace/cnf/repo/.obrcache/http%253A%252F%252Fbundles.bndtools.org.s3.amazonaws.com%252Forg.apache.felix.log/org.apache.felix.log-1.0.1.jar' bsn='org.apache.felix.log' modified='2012-09-16T21:36:05' state='32' id='5'/>
    <bundle version='1.2.8' location='reference:file:/Users/paul/work/luminis/apache-ace/cnf/repo/.obrcache/http%253A%252F%252Fbundles.bndtools.org.s3.amazonaws.com%252Forg.apache.felix.configadmin/org.apache.felix.configadmin-1.2.8.jar' bsn='org.apache.felix.configadmin' modified='2012-09-16T21:36:05' state='32' id='6'/>
    <bundle version='1.0.0' location='reference:file:/Users/paul/work/luminis/apache-ace/org.apache.ace.test/generated/org.apache.ace.test.jar' bsn='org.apache.ace.test' modified='2012-09-16T21:36:05' state='32' id='7'/>
    <bundle version='2.7.3' location='reference:file:/Users/paul/work/luminis/apache-ace/cnf/repo/com.mongodb/com.mongodb-2.7.3.jar' bsn='com.mongodb' modified='2012-09-16T21:36:05' state='32' id='8'/>
    <bundle version='0.0.0' location='reference:file:/Users/paul/work/luminis/apache-ace/org.apache.ace.server.log.store/generated/org.apache.ace.server.log.store.api.jar' bsn='org.apache.ace.server.log.store.api' modified='2012-09-16T21:36:05' state='32' id='9'/>
    <bundle version='1.0.3' location='reference:file:/Users/paul/work/luminis/apache-ace/cnf/repo/org.amdatu.mongo/org.amdatu.mongo-1.0.3.jar' bsn='org.amdatu.mongo' modified='2012-09-16T21:36:05' state='32' id='10'/>
    <bundle version='1.0.0' location='reference:file:/Users/paul/work/luminis/apache-ace/org.apache.ace.range.api/generated/org.apache.ace.range.api.jar' bsn='org.apache.ace.range.api' modified='2012-09-16T21:36:05' state='32' id='11'/>
    <bundle version='1.2.14' location='reference:file:/Users/paul/work/luminis/apache-ace/cnf/repo/.obrcache/http%253A%252F%252Fsvn.apache.org%252Frepos%252Fasf%252Face%252Ftrunk%252Fcnf%252Frepo%252Forg.apache.felix.eventadmin/org.apache.felix.eventadmin-1.2.14.jar' bsn='org.apache.felix.eventadmin' modified='2012-09-16T21:36:05' state='32' id='12'/>
    <bundle version='3.0.1.SNAPSHOT' location='reference:file:/Users/paul/work/luminis/apache-ace/cnf/repo/.obrcache/http%253A%252F%252Fsvn.apache.org%252Frepos%252Fasf%252Face%252Ftrunk%252Fcnf%252Frepo%252Forg.apache.felix.dependencymanager.shell/org.apache.felix.dependencymanager.shell-3.0.1.jar' bsn='org.apache.felix.dependencymanager.shell' modified='2012-09-16T21:36:05' state='32' id='13'/>
    <bundle version='1.0.0' location='reference:file:/Users/paul/work/luminis/apache-ace/org.apache.ace.log/generated/org.apache.ace.log.jar' bsn='org.apache.ace.log' modified='2012-09-16T21:36:05' state='32' id='14'/>
    <bundle version='0.12.0' location='reference:file:/Users/paul/work/luminis/apache-ace/cnf/repo/.obrcache/http%253A%252F%252Fbundles.bndtools.org.s3.amazonaws.com%252Forg.apache.felix.gogo.command/org.apache.felix.gogo.command-0.12.0.jar' bsn='org.apache.felix.gogo.command' modified='2012-09-16T21:36:05' state='32' id='15'/>
    <bundle version='0.10.0' location='reference:file:/Users/paul/work/luminis/apache-ace/cnf/repo/.obrcache/http%253A%252F%252Fbundles.bndtools.org.s3.amazonaws.com%252Forg.apache.felix.gogo.runtime/org.apache.felix.gogo.runtime-0.10.0.jar' bsn='org.apache.felix.gogo.runtime' modified='2012-09-16T21:36:05' state='32' id='16'/>
    <bundle version='0.10.0' location='reference:file:/Users/paul/work/luminis/apache-ace/cnf/repo/.obrcache/http%253A%252F%252Fbundles.bndtools.org.s3.amazonaws.com%252Forg.apache.felix.gogo.shell/org.apache.felix.gogo.shell-0.10.0.jar' bsn='org.apache.felix.gogo.shell' modified='2012-09-16T21:36:05' state='32' id='17'/>
    <bundle version='0.0.0' location='reference:file:/Users/paul/work/luminis/apache-ace/org.apache.ace.server.log.store.test/generated/org.apache.ace.server.log.store.test.jar' bsn='org.apache.ace.server.log.store.test' modified='2012-09-16T21:36:05' state='32' target='true' id='18'/>
  </bundles>
  <testcase name='testGetDescriptorsForTarget' time='2.131' classname='org.example.tests.MongoLogStoreTest'/>
  <testcase name='testPutEvents' time='2.7' classname='org.example.tests.MongoLogStoreTest'/>
  <testcase name='testGetEvents' time='2.10' classname='org.example.tests.MongoLogStoreTest'/>
  <testcase name='testGetEventsWithRange' time='2.8' classname='org.example.tests.MongoLogStoreTest'/>
  <testcase name='testGetDescriptorsSingleLogId' time='2.10' classname='org.example.tests.MongoLogStoreTest'/>
  <testcase name='testGetDescriptorsMultipleLogIds' time='2.12' classname='org.example.tests.MongoLogStoreTest'/>
</testsuite>